2025-5-3 01:57:28-log: Cannot access game frame or container.
2025-5-3 01:57:28-debug: asset-db:require-engine-code (1170ms)
2025-5-3 01:57:28-log: meshopt wasm decoder initialized
2025-5-3 01:57:28-log: [box2d]:box2d wasm lib loaded.
2025-5-3 01:57:29-log: [bullet]:bullet wasm lib loaded.
2025-5-3 01:57:29-log: Cocos Creator v3.8.2
2025-5-3 01:57:29-debug: [Assets Memory track]: asset-db:worker-init: initEngine start:22.31MB, end 100.46MB, increase: 78.14MB
2025-5-3 01:57:29-debug: [Assets Memory track]: asset-db-plugin-register: programming start:101.26MB, end 103.73MB, increase: 2.47MB
2025-5-3 01:57:41-debug: [Assets Memory track]: asset-db-plugin-register: engine-extends start:103.77MB, end 234.71MB, increase: 130.93MB
2025-5-3 01:57:41-debug: [Assets Memory track]: asset-db-plugin-enable: builder start:104.27MB, end 231.74MB, increase: 127.47MB
2025-5-3 01:57:41-debug: [Assets Memory track]: asset-db:worker-init: initPlugin start:100.47MB, end 234.72MB, increase: 134.25MB
2025-5-3 01:57:41-debug: [Assets Memory track]: asset-db-plugin-enable: project start:103.94MB, end 234.71MB, increase: 130.77MB
2025-5-3 01:57:41-debug: run package(light-probe) handler(enable) start
2025-5-3 01:57:41-debug: run package(lightmap) handler(enable) start
2025-5-3 01:57:41-debug: run package(light-probe) handler(enable) success!
2025-5-3 01:57:41-debug: run package(node-library) handler(enable) success!
2025-5-3 01:57:41-debug: run package(node-library) handler(enable) start
2025-5-3 01:57:41-debug: run package(package-asset) handler(enable) start
2025-5-3 01:57:41-debug: run package(package-asset) handler(enable) success!
2025-5-3 01:57:41-debug: run package(lightmap) handler(enable) success!
2025-5-3 01:57:41-debug: run package(process) handler(enable) start
2025-5-3 01:57:41-debug: run package(reference-image) handler(enable) start
2025-5-3 01:57:41-debug: run package(reference-image) handler(enable) success!
2025-5-3 01:57:41-debug: run package(reflection-probe) handler(enable) start
2025-5-3 01:57:41-debug: run package(reflection-probe) handler(enable) success!
2025-5-3 01:57:41-debug: run package(engine-extends) handler(enable) success!
2025-5-3 01:57:41-debug: run package(adsense-h5g-plugin) handler(enable) start
2025-5-3 01:57:41-debug: run package(adsense-h5g-plugin) handler(enable) success!
2025-5-3 01:57:41-debug: run package(process) handler(enable) success!
2025-5-3 01:57:41-debug: run package(engine-extends) handler(enable) start
2025-5-3 01:57:41-debug: run package(android) handler(enable) success!
2025-5-3 01:57:41-debug: run package(alipay-mini-game) handler(enable) start
2025-5-3 01:57:41-debug: run package(alipay-mini-game) handler(enable) success!
2025-5-3 01:57:41-debug: run package(android) handler(enable) start
2025-5-3 01:57:41-debug: run package(bytedance-mini-game) handler(enable) success!
2025-5-3 01:57:41-debug: run package(bytedance-mini-game) handler(enable) start
2025-5-3 01:57:41-debug: run package(certificate) handler(enable) start
2025-5-3 01:57:41-debug: run package(channel-upload-tools) handler(enable) start
2025-5-3 01:57:41-debug: run package(fb-instant-games) handler(enable) start
2025-5-3 01:57:41-debug: run package(channel-upload-tools) handler(enable) success!
2025-5-3 01:57:41-debug: run package(certificate) handler(enable) success!
2025-5-3 01:57:41-debug: run package(fb-instant-games) handler(enable) success!
2025-5-3 01:57:41-debug: run package(huawei-agc) handler(enable) success!
2025-5-3 01:57:41-debug: run package(huawei-quick-game) handler(enable) start
2025-5-3 01:57:41-debug: run package(huawei-quick-game) handler(enable) success!
2025-5-3 01:57:41-debug: run package(huawei-agc) handler(enable) start
2025-5-3 01:57:41-debug: run package(ios) handler(enable) start
2025-5-3 01:57:41-debug: run package(ios) handler(enable) success!
2025-5-3 01:57:41-debug: run package(linux) handler(enable) success!
2025-5-3 01:57:41-debug: run package(linux) handler(enable) start
2025-5-3 01:57:41-debug: run package(mac) handler(enable) success!
2025-5-3 01:57:41-debug: run package(mac) handler(enable) start
2025-5-3 01:57:41-debug: run package(native) handler(enable) success!
2025-5-3 01:57:41-debug: run package(ohos) handler(enable) success!
2025-5-3 01:57:41-debug: run package(native) handler(enable) start
2025-5-3 01:57:41-debug: run package(openharmony) handler(enable) start
2025-5-3 01:57:41-debug: run package(oppo-mini-game) handler(enable) start
2025-5-3 01:57:41-debug: run package(oppo-mini-game) handler(enable) success!
2025-5-3 01:57:41-debug: run package(ohos) handler(enable) start
2025-5-3 01:57:41-debug: run package(openharmony) handler(enable) success!
2025-5-3 01:57:41-debug: run package(taobao-creative-app) handler(enable) success!
2025-5-3 01:57:41-debug: run package(runtime-dev-tools) handler(enable) success!
2025-5-3 01:57:41-debug: run package(runtime-dev-tools) handler(enable) start
2025-5-3 01:57:41-debug: run package(taobao-creative-app) handler(enable) start
2025-5-3 01:57:41-debug: run package(vivo-mini-game) handler(enable) start
2025-5-3 01:57:41-debug: run package(taobao-mini-game) handler(enable) success!
2025-5-3 01:57:41-debug: run package(vivo-mini-game) handler(enable) success!
2025-5-3 01:57:41-debug: run package(web-desktop) handler(enable) start
2025-5-3 01:57:41-debug: run package(web-desktop) handler(enable) success!
2025-5-3 01:57:41-debug: run package(web-mobile) handler(enable) start
2025-5-3 01:57:41-debug: run package(wechatgame) handler(enable) start
2025-5-3 01:57:41-debug: run package(wechatgame) handler(enable) success!
2025-5-3 01:57:41-debug: run package(wechatprogram) handler(enable) start
2025-5-3 01:57:41-debug: run package(web-mobile) handler(enable) success!
2025-5-3 01:57:41-debug: run package(wechatprogram) handler(enable) success!
2025-5-3 01:57:41-debug: run package(windows) handler(enable) start
2025-5-3 01:57:41-debug: run package(windows) handler(enable) success!
2025-5-3 01:57:41-debug: run package(taobao-mini-game) handler(enable) start
2025-5-3 01:57:41-debug: run package(cocos-service) handler(enable) success!
2025-5-3 01:57:41-debug: run package(cocos-service) handler(enable) start
2025-5-3 01:57:41-debug: run package(xiaomi-quick-game) handler(enable) success!
2025-5-3 01:57:41-debug: run package(xiaomi-quick-game) handler(enable) start
2025-5-3 01:57:41-debug: run package(im-plugin) handler(enable) start
2025-5-3 01:57:41-debug: run package(fix-device) handler(enable) success!
2025-5-3 01:57:41-debug: run package(im-plugin) handler(enable) success!
2025-5-3 01:57:41-debug: run package(fix-device) handler(enable) start
2025-5-3 01:57:41-debug: asset-db:worker-init: initPlugin (12367ms)
2025-5-3 01:57:41-debug: run package(placeholder) handler(enable) start
2025-5-3 01:57:41-debug: run package(placeholder) handler(enable) success!
2025-5-3 01:57:42-debug: [Assets Memory track]: asset-db:worker-init start:22.31MB, end 172.07MB, increase: 149.76MB
2025-5-3 01:57:42-debug: Run asset db hook programming:beforePreStart ...
2025-5-3 01:57:42-debug: Run asset db hook programming:beforePreStart success!
2025-5-3 01:57:42-debug: Run asset db hook engine-extends:beforePreStart success!
2025-5-3 01:57:42-debug: Run asset db hook engine-extends:beforePreStart ...
2025-5-3 01:57:42-debug: asset-db:worker-init (15201ms)
2025-5-3 01:57:42-debug: asset-db-hook-programming-beforePreStart (671ms)
2025-5-3 01:57:42-debug: asset-db-hook-engine-extends-beforePreStart (670ms)
2025-5-3 01:57:42-debug: Preimport db internal success
2025-5-3 01:57:42-debug: Preimport db assets success
2025-5-3 01:57:42-debug: Run asset db hook programming:afterPreStart ...
2025-5-3 01:57:42-debug: starting packer-driver...
2025-5-3 01:57:43-debug: initialize scripting environment...
2025-5-3 01:57:43-debug: Set detail map pack:///resolution-detail-map.json: {}
2025-5-3 01:57:43-debug: Run asset db hook programming:afterPreStart success!
2025-5-3 01:57:43-debug: [Assets Memory track]: asset-db:worker-init: preStart start:172.08MB, end 183.52MB, increase: 11.45MB
2025-5-3 01:57:43-debug: Run asset db hook engine-extends:afterPreStart ...
2025-5-3 01:57:43-debug: Run asset db hook engine-extends:afterPreStart success!
2025-5-3 01:57:43-debug: Start up the 'internal' database...
2025-5-3 01:57:43-debug: asset-db-hook-programming-afterPreStart (1068ms)
2025-5-3 01:57:43-debug: asset-db:worker-effect-data-processing (70ms)
2025-5-3 01:57:43-debug: asset-db-hook-engine-extends-afterPreStart (70ms)
2025-5-3 01:57:43-debug: [Assets Memory track]: asset-db:worker-startup-database[internal] start:182.76MB, end 187.48MB, increase: 4.72MB
2025-5-3 01:57:43-debug: Start up the 'assets' database...
2025-5-3 01:57:43-debug: asset-db:worker-startup-database[internal] (1466ms)
2025-5-3 01:57:44-debug: [Assets Memory track]: asset-db:worker-init: startup start:183.53MB, end 185.23MB, increase: 1.70MB
2025-5-3 01:57:44-debug: asset-db:worker-startup-database[assets] (1328ms)
2025-5-3 01:57:44-debug: asset-db:start-database (2041ms)
2025-5-3 01:57:44-debug: asset-db:ready (19403ms)
2025-5-3 01:57:44-debug: init worker message success
2025-5-3 01:57:45-debug: [Build Memory track]: builder:worker-init start:188.15MB, end 194.48MB, increase: 6.33MB
2025-5-3 01:57:45-debug: programming:execute-script (21ms)
2025-5-3 01:57:45-debug: builder:worker-init (1078ms)
2025-5-3 01:57:49-debug: programming:execute-script (8ms)
2025-5-3 03:19:58-debug: refresh db internal success
2025-5-3 03:19:58-debug: refresh db assets success
2025-5-3 03:19:58-debug: Run asset db hook engine-extends:afterRefresh ...
2025-5-3 03:19:58-debug: Run asset db hook engine-extends:afterRefresh success!
2025-5-3 03:19:58-debug: asset-db:refresh-all-database (428ms)
2025-5-3 03:19:58-debug: asset-db:worker-effect-data-processing (4ms)
2025-5-3 03:19:58-debug: asset-db-hook-engine-extends-afterRefresh (4ms)
2025-5-3 03:20:05-debug: Query all assets info in project
2025-5-3 03:20:05-debug: init custom config: keepNodeUuid: false, useCache: true
2025-5-3 03:20:05-debug:   Number of all scenes: 4
2025-5-3 03:20:05-debug:   Number of all scripts: 53
2025-5-3 03:20:05-debug:   Number of other assets: 674
2025-5-3 03:20:05-debug: 查询 Asset Bundle start, progress: 0%
2025-5-3 03:20:05-debug: // ---- build task 查询 Asset Bundle ----
2025-5-3 03:20:05-debug: Query preload assets from cc.config.json: 60f7195c-ec2a-45eb-ba94-8955f60e81d0,1c02ae6f-4492-4915-b8f8-7492a3b1e4cd,810e96e4-e456-4468-9b59-f4e8f39732c0,efe8e2a3-eace-427b-b4f1-cb8a937ec77d,e9aa9a3e-5b2b-4ac7-a2c7-073de2b2b24f,8bbdbcdd-5cd4-4100-b6d5-b7c9625b6107,50f4348b-c883-4e2f-8f11-ce233b859fa1,fda095cb-831d-4601-ad94-846013963de8,f92806d7-1768-443f-afe8-12bcde84d0f0,dd3a144d-ab7f-41f0-82b8-2e43a090d496,f0416e68-0200-4b77-a926-4f9d16e494da,970b0598-bcb0-4714-91fb-2e81440dccd8,bcd64cc6-2dd9-43f6-abbe-66318d332032,d930590d-bb92-4cc8-8bd1-23cd027f9edf,a3cd009f-0ab0-420d-9278-b9fdab939bbc,c27215d8-6835-4b68-bfbb-bdeac6100c04,b5d6115f-0370-4d7c-aad3-c194cc71cf98,871c3b6c-7379-419d-bda3-794b239ab90d
2025-5-3 03:20:05-debug: // ---- build task 查询 Asset Bundle ---- (23ms)
2025-5-3 03:20:05-debug: run build task 查询 Asset Bundle success in 23 ms√, progress: 5%
2025-5-3 03:20:05-debug: // ---- build task 查询 Asset Bundle ----
2025-5-3 03:20:05-debug: [Build Memory track]: 查询 Asset Bundle start:192.56MB, end 192.42MB, increase: -145.09KB
2025-5-3 03:20:05-debug: 查询 Asset Bundle start, progress: 5%
2025-5-3 03:20:05-debug: 整理部分构建选项内数据到 settings.json start, progress: 10%
2025-5-3 03:20:05-debug: // ---- build task 整理部分构建选项内数据到 settings.json ----
2025-5-3 03:20:05-debug: [Build Memory track]: 查询 Asset Bundle start:192.43MB, end 192.45MB, increase: 11.89KB
2025-5-3 03:20:05-debug: run build task 查询 Asset Bundle success in √, progress: 10%
2025-5-3 03:20:05-debug: run build task 整理部分构建选项内数据到 settings.json success in √, progress: 12%
2025-5-3 03:20:05-debug: [Build Memory track]: 整理部分构建选项内数据到 settings.json start:192.46MB, end 192.47MB, increase: 13.76KB
2025-5-3 03:20:05-debug: 填充脚本数据到 settings.json start, progress: 12%
2025-5-3 03:20:05-debug: // ---- build task 填充脚本数据到 settings.json ----
2025-5-3 03:20:05-debug: run build task 填充脚本数据到 settings.json success in √, progress: 13%
2025-5-3 03:20:05-debug: [Build Memory track]: 填充脚本数据到 settings.json start:192.49MB, end 192.50MB, increase: 16.78KB
2025-5-3 03:20:05-debug: 整理部分构建选项内数据到 settings.json start, progress: 13%
2025-5-3 03:20:05-debug: // ---- build task 整理部分构建选项内数据到 settings.json ----
2025-5-3 03:20:05-debug: run build task 整理部分构建选项内数据到 settings.json success in 5 ms√, progress: 15%
2025-5-3 03:20:05-debug: [Build Memory track]: 整理部分构建选项内数据到 settings.json start:192.52MB, end 192.64MB, increase: 122.87KB
2025-5-3 03:20:05-debug: // ---- build task 整理部分构建选项内数据到 settings.json ---- (5ms)
2025-5-3 03:20:14-debug: refresh db internal success
2025-5-3 03:20:14-debug: refresh db assets success
2025-5-3 03:20:14-debug: Run asset db hook engine-extends:afterRefresh ...
2025-5-3 03:20:14-debug: Run asset db hook engine-extends:afterRefresh success!
2025-5-3 03:20:14-debug: asset-db:refresh-all-database (257ms)
2025-5-3 03:20:20-debug: refresh db internal success
2025-5-3 03:20:20-debug: refresh db assets success
2025-5-3 03:20:20-debug: Run asset db hook engine-extends:afterRefresh ...
2025-5-3 03:20:20-debug: Run asset db hook engine-extends:afterRefresh success!
2025-5-3 03:20:20-debug: asset-db:refresh-all-database (195ms)
2025-5-3 03:20:20-debug: asset-db:worker-effect-data-processing (3ms)
2025-5-3 03:20:20-debug: asset-db-hook-engine-extends-afterRefresh (4ms)
2025-5-3 03:45:11-debug: refresh db internal success
2025-5-3 03:45:11-debug: refresh db assets success
2025-5-3 03:45:11-debug: Run asset db hook engine-extends:afterRefresh ...
2025-5-3 03:45:11-debug: Run asset db hook engine-extends:afterRefresh success!
2025-5-3 03:45:11-debug: asset-db:refresh-all-database (545ms)
2025-5-3 03:45:11-debug: asset-db:worker-effect-data-processing (2ms)
2025-5-3 03:45:11-debug: asset-db-hook-engine-extends-afterRefresh (2ms)
2025-5-3 03:55:21-debug: refresh db internal success
2025-5-3 03:55:21-debug: refresh db assets success
2025-5-3 03:55:21-debug: Run asset db hook engine-extends:afterRefresh ...
2025-5-3 03:55:21-debug: Run asset db hook engine-extends:afterRefresh success!
2025-5-3 03:55:21-debug: asset-db:refresh-all-database (204ms)
2025-5-3 03:55:23-debug: Query all assets info in project
2025-5-3 03:55:23-debug: init custom config: keepNodeUuid: false, useCache: true
2025-5-3 03:55:23-debug:   Number of other assets: 674
2025-5-3 03:55:23-debug:   Number of all scenes: 4
2025-5-3 03:55:23-debug:   Number of all scripts: 53
2025-5-3 03:55:23-debug: 查询 Asset Bundle start, progress: 0%
2025-5-3 03:55:23-debug: // ---- build task 查询 Asset Bundle ----
2025-5-3 03:55:23-debug: Query preload assets from cc.config.json: 60f7195c-ec2a-45eb-ba94-8955f60e81d0,1c02ae6f-4492-4915-b8f8-7492a3b1e4cd,810e96e4-e456-4468-9b59-f4e8f39732c0,efe8e2a3-eace-427b-b4f1-cb8a937ec77d,e9aa9a3e-5b2b-4ac7-a2c7-073de2b2b24f,8bbdbcdd-5cd4-4100-b6d5-b7c9625b6107,50f4348b-c883-4e2f-8f11-ce233b859fa1,fda095cb-831d-4601-ad94-846013963de8,f92806d7-1768-443f-afe8-12bcde84d0f0,dd3a144d-ab7f-41f0-82b8-2e43a090d496,f0416e68-0200-4b77-a926-4f9d16e494da,970b0598-bcb0-4714-91fb-2e81440dccd8,bcd64cc6-2dd9-43f6-abbe-66318d332032,d930590d-bb92-4cc8-8bd1-23cd027f9edf,a3cd009f-0ab0-420d-9278-b9fdab939bbc,c27215d8-6835-4b68-bfbb-bdeac6100c04,b5d6115f-0370-4d7c-aad3-c194cc71cf98,871c3b6c-7379-419d-bda3-794b239ab90d
2025-5-3 03:55:23-debug: // ---- build task 查询 Asset Bundle ---- (50ms)
2025-5-3 03:55:23-debug: run build task 查询 Asset Bundle success in 50 ms√, progress: 5%
2025-5-3 03:55:23-debug: // ---- build task 查询 Asset Bundle ----
2025-5-3 03:55:23-debug: [Build Memory track]: 查询 Asset Bundle start:199.43MB, end 200.55MB, increase: 1.12MB
2025-5-3 03:55:23-debug: 查询 Asset Bundle start, progress: 5%
2025-5-3 03:55:23-debug: run build task 查询 Asset Bundle success in √, progress: 10%
2025-5-3 03:55:23-debug: [Build Memory track]: 查询 Asset Bundle start:200.57MB, end 200.58MB, increase: 10.55KB
2025-5-3 03:55:23-debug: 整理部分构建选项内数据到 settings.json start, progress: 10%
2025-5-3 03:55:23-debug: // ---- build task 整理部分构建选项内数据到 settings.json ----
2025-5-3 03:55:23-debug: // ---- build task 整理部分构建选项内数据到 settings.json ---- (-1ms)
2025-5-3 03:55:23-debug: run build task 整理部分构建选项内数据到 settings.json success in -1 h -1 min -1 s√, progress: 12%
2025-5-3 03:55:23-debug: [Build Memory track]: 整理部分构建选项内数据到 settings.json start:200.59MB, end 200.61MB, increase: 18.74KB
2025-5-3 03:55:23-debug: 填充脚本数据到 settings.json start, progress: 12%
2025-5-3 03:55:23-debug: // ---- build task 填充脚本数据到 settings.json ----
2025-5-3 03:55:23-debug: run build task 填充脚本数据到 settings.json success in √, progress: 13%
2025-5-3 03:55:23-debug: [Build Memory track]: 填充脚本数据到 settings.json start:200.62MB, end 200.64MB, increase: 11.88KB
2025-5-3 03:55:23-debug: // ---- build task 整理部分构建选项内数据到 settings.json ----
2025-5-3 03:55:23-debug: 整理部分构建选项内数据到 settings.json start, progress: 13%
2025-5-3 03:55:23-debug: // ---- build task 整理部分构建选项内数据到 settings.json ---- (13ms)
2025-5-3 03:55:23-debug: run build task 整理部分构建选项内数据到 settings.json success in 13 ms√, progress: 15%
2025-5-3 03:55:23-debug: [Build Memory track]: 整理部分构建选项内数据到 settings.json start:200.65MB, end 200.77MB, increase: 119.04KB
2025-5-3 03:55:42-debug: refresh db internal success
2025-5-3 03:55:42-debug: refresh db assets success
2025-5-3 03:55:42-debug: Run asset db hook engine-extends:afterRefresh ...
2025-5-3 03:55:42-debug: Run asset db hook engine-extends:afterRefresh success!
2025-5-3 03:55:42-debug: asset-db:refresh-all-database (164ms)
2025-5-3 03:55:42-debug: asset-db:worker-effect-data-processing (1ms)
2025-5-3 03:55:42-debug: asset-db-hook-engine-extends-afterRefresh (1ms)
2025-5-3 03:55:44-debug: Query all assets info in project
2025-5-3 03:55:44-debug: init custom config: keepNodeUuid: false, useCache: true
2025-5-3 03:55:44-debug:   Number of all scenes: 4
2025-5-3 03:55:44-debug:   Number of all scripts: 53
2025-5-3 03:55:44-debug:   Number of other assets: 674
2025-5-3 03:55:44-debug: 查询 Asset Bundle start, progress: 0%
2025-5-3 03:55:44-debug: // ---- build task 查询 Asset Bundle ----
2025-5-3 03:55:44-debug: Query preload assets from cc.config.json: 60f7195c-ec2a-45eb-ba94-8955f60e81d0,1c02ae6f-4492-4915-b8f8-7492a3b1e4cd,810e96e4-e456-4468-9b59-f4e8f39732c0,efe8e2a3-eace-427b-b4f1-cb8a937ec77d,e9aa9a3e-5b2b-4ac7-a2c7-073de2b2b24f,8bbdbcdd-5cd4-4100-b6d5-b7c9625b6107,50f4348b-c883-4e2f-8f11-ce233b859fa1,fda095cb-831d-4601-ad94-846013963de8,f92806d7-1768-443f-afe8-12bcde84d0f0,dd3a144d-ab7f-41f0-82b8-2e43a090d496,f0416e68-0200-4b77-a926-4f9d16e494da,970b0598-bcb0-4714-91fb-2e81440dccd8,bcd64cc6-2dd9-43f6-abbe-66318d332032,d930590d-bb92-4cc8-8bd1-23cd027f9edf,a3cd009f-0ab0-420d-9278-b9fdab939bbc,c27215d8-6835-4b68-bfbb-bdeac6100c04,b5d6115f-0370-4d7c-aad3-c194cc71cf98,871c3b6c-7379-419d-bda3-794b239ab90d
2025-5-3 03:55:44-debug: // ---- build task 查询 Asset Bundle ---- (16ms)
2025-5-3 03:55:44-debug: run build task 查询 Asset Bundle success in 16 ms√, progress: 5%
2025-5-3 03:55:44-debug: [Build Memory track]: 查询 Asset Bundle start:202.46MB, end 202.10MB, increase: -362.68KB
2025-5-3 03:55:44-debug: // ---- build task 查询 Asset Bundle ----
2025-5-3 03:55:44-debug: 查询 Asset Bundle start, progress: 5%
2025-5-3 03:55:44-debug: run build task 查询 Asset Bundle success in √, progress: 10%
2025-5-3 03:55:44-debug: [Build Memory track]: 查询 Asset Bundle start:202.12MB, end 202.13MB, increase: 10.81KB
2025-5-3 03:55:44-debug: 整理部分构建选项内数据到 settings.json start, progress: 10%
2025-5-3 03:55:44-debug: // ---- build task 整理部分构建选项内数据到 settings.json ----
2025-5-3 03:55:44-debug: run build task 整理部分构建选项内数据到 settings.json success in √, progress: 12%
2025-5-3 03:55:44-debug: [Build Memory track]: 整理部分构建选项内数据到 settings.json start:202.14MB, end 202.15MB, increase: 12.83KB
2025-5-3 03:55:44-debug: // ---- build task 填充脚本数据到 settings.json ----
2025-5-3 03:55:44-debug: 填充脚本数据到 settings.json start, progress: 12%
2025-5-3 03:55:44-debug: // ---- build task 填充脚本数据到 settings.json ---- (1ms)
2025-5-3 03:55:44-debug: run build task 填充脚本数据到 settings.json success in 1 ms√, progress: 13%
2025-5-3 03:55:44-debug: // ---- build task 整理部分构建选项内数据到 settings.json ----
2025-5-3 03:55:44-debug: [Build Memory track]: 填充脚本数据到 settings.json start:202.17MB, end 202.19MB, increase: 17.17KB
2025-5-3 03:55:44-debug: 整理部分构建选项内数据到 settings.json start, progress: 13%
2025-5-3 03:55:44-debug: // ---- build task 整理部分构建选项内数据到 settings.json ---- (4ms)
2025-5-3 03:55:44-debug: run build task 整理部分构建选项内数据到 settings.json success in 4 ms√, progress: 15%
2025-5-3 03:55:44-debug: [Build Memory track]: 整理部分构建选项内数据到 settings.json start:202.20MB, end 202.33MB, increase: 132.45KB
2025-5-3 04:11:47-debug: refresh db internal success
2025-5-3 04:11:47-debug: refresh db assets success
2025-5-3 04:11:47-debug: Run asset db hook engine-extends:afterRefresh success!
2025-5-3 04:11:47-debug: Run asset db hook engine-extends:afterRefresh ...
2025-5-3 04:11:47-debug: asset-db:refresh-all-database (116ms)
2025-5-3 04:11:47-debug: asset-db-hook-engine-extends-afterRefresh (1ms)
2025-5-3 04:11:49-debug: Query all assets info in project
2025-5-3 04:11:49-debug: init custom config: keepNodeUuid: false, useCache: true
2025-5-3 04:11:49-debug:   Number of all scenes: 4
2025-5-3 04:11:49-debug:   Number of all scripts: 53
2025-5-3 04:11:49-debug:   Number of other assets: 674
2025-5-3 04:11:49-debug: 查询 Asset Bundle start, progress: 0%
2025-5-3 04:11:49-debug: // ---- build task 查询 Asset Bundle ----
2025-5-3 04:11:49-debug: Query preload assets from cc.config.json: 60f7195c-ec2a-45eb-ba94-8955f60e81d0,1c02ae6f-4492-4915-b8f8-7492a3b1e4cd,810e96e4-e456-4468-9b59-f4e8f39732c0,efe8e2a3-eace-427b-b4f1-cb8a937ec77d,e9aa9a3e-5b2b-4ac7-a2c7-073de2b2b24f,8bbdbcdd-5cd4-4100-b6d5-b7c9625b6107,50f4348b-c883-4e2f-8f11-ce233b859fa1,fda095cb-831d-4601-ad94-846013963de8,f92806d7-1768-443f-afe8-12bcde84d0f0,dd3a144d-ab7f-41f0-82b8-2e43a090d496,f0416e68-0200-4b77-a926-4f9d16e494da,970b0598-bcb0-4714-91fb-2e81440dccd8,bcd64cc6-2dd9-43f6-abbe-66318d332032,d930590d-bb92-4cc8-8bd1-23cd027f9edf,a3cd009f-0ab0-420d-9278-b9fdab939bbc,c27215d8-6835-4b68-bfbb-bdeac6100c04,b5d6115f-0370-4d7c-aad3-c194cc71cf98,871c3b6c-7379-419d-bda3-794b239ab90d
2025-5-3 04:11:49-debug: // ---- build task 查询 Asset Bundle ---- (11ms)
2025-5-3 04:11:49-debug: run build task 查询 Asset Bundle success in 11 ms√, progress: 5%
2025-5-3 04:11:49-debug: [Build Memory track]: 查询 Asset Bundle start:203.70MB, end 204.77MB, increase: 1.07MB
2025-5-3 04:11:49-debug: 查询 Asset Bundle start, progress: 5%
2025-5-3 04:11:49-debug: // ---- build task 查询 Asset Bundle ----
2025-5-3 04:11:49-debug: run build task 查询 Asset Bundle success in √, progress: 10%
2025-5-3 04:11:49-debug: [Build Memory track]: 查询 Asset Bundle start:204.78MB, end 204.80MB, increase: 12.34KB
2025-5-3 04:11:49-debug: 整理部分构建选项内数据到 settings.json start, progress: 10%
2025-5-3 04:11:49-debug: // ---- build task 整理部分构建选项内数据到 settings.json ----
2025-5-3 04:11:49-debug: run build task 整理部分构建选项内数据到 settings.json success in √, progress: 12%
2025-5-3 04:11:49-debug: [Build Memory track]: 整理部分构建选项内数据到 settings.json start:204.81MB, end 204.82MB, increase: 12.28KB
2025-5-3 04:11:49-debug: 填充脚本数据到 settings.json start, progress: 12%
2025-5-3 04:11:49-debug: // ---- build task 填充脚本数据到 settings.json ----
2025-5-3 04:11:50-debug: run build task 填充脚本数据到 settings.json success in √, progress: 13%
2025-5-3 04:11:50-debug: [Build Memory track]: 填充脚本数据到 settings.json start:204.84MB, end 204.85MB, increase: 12.60KB
2025-5-3 04:11:50-debug: // ---- build task 整理部分构建选项内数据到 settings.json ----
2025-5-3 04:11:50-debug: 整理部分构建选项内数据到 settings.json start, progress: 13%
2025-5-3 04:11:50-debug: run build task 整理部分构建选项内数据到 settings.json success in 7 ms√, progress: 15%
2025-5-3 04:11:50-debug: [Build Memory track]: 整理部分构建选项内数据到 settings.json start:204.86MB, end 204.98MB, increase: 117.57KB
2025-5-3 04:11:50-debug: // ---- build task 整理部分构建选项内数据到 settings.json ---- (7ms)
2025-5-3 04:11:50-debug: Query all assets info in project
2025-5-3 04:11:50-debug: init custom config: keepNodeUuid: false, useCache: true
2025-5-3 04:11:50-debug:   Number of other assets: 674
2025-5-3 04:11:50-debug:   Number of all scenes: 4
2025-5-3 04:11:50-debug:   Number of all scripts: 53
2025-5-3 04:11:50-debug: 查询 Asset Bundle start, progress: 0%
2025-5-3 04:11:50-debug: // ---- build task 查询 Asset Bundle ----
2025-5-3 04:11:50-debug: Query preload assets from cc.config.json: 60f7195c-ec2a-45eb-ba94-8955f60e81d0,1c02ae6f-4492-4915-b8f8-7492a3b1e4cd,810e96e4-e456-4468-9b59-f4e8f39732c0,efe8e2a3-eace-427b-b4f1-cb8a937ec77d,e9aa9a3e-5b2b-4ac7-a2c7-073de2b2b24f,8bbdbcdd-5cd4-4100-b6d5-b7c9625b6107,50f4348b-c883-4e2f-8f11-ce233b859fa1,fda095cb-831d-4601-ad94-846013963de8,f92806d7-1768-443f-afe8-12bcde84d0f0,dd3a144d-ab7f-41f0-82b8-2e43a090d496,f0416e68-0200-4b77-a926-4f9d16e494da,970b0598-bcb0-4714-91fb-2e81440dccd8,bcd64cc6-2dd9-43f6-abbe-66318d332032,d930590d-bb92-4cc8-8bd1-23cd027f9edf,a3cd009f-0ab0-420d-9278-b9fdab939bbc,c27215d8-6835-4b68-bfbb-bdeac6100c04,b5d6115f-0370-4d7c-aad3-c194cc71cf98,871c3b6c-7379-419d-bda3-794b239ab90d
2025-5-3 04:11:50-debug: // ---- build task 查询 Asset Bundle ---- (23ms)
2025-5-3 04:11:50-debug: run build task 查询 Asset Bundle success in 23 ms√, progress: 5%
2025-5-3 04:11:50-debug: [Build Memory track]: 查询 Asset Bundle start:204.54MB, end 203.69MB, increase: -878.12KB
2025-5-3 04:11:50-debug: 查询 Asset Bundle start, progress: 5%
2025-5-3 04:11:50-debug: // ---- build task 查询 Asset Bundle ----
2025-5-3 04:11:50-debug: // ---- build task 查询 Asset Bundle ---- (1ms)
2025-5-3 04:11:50-debug: run build task 查询 Asset Bundle success in 1 ms√, progress: 10%
2025-5-3 04:11:50-debug: // ---- build task 整理部分构建选项内数据到 settings.json ----
2025-5-3 04:11:50-debug: [Build Memory track]: 查询 Asset Bundle start:203.70MB, end 203.72MB, increase: 19.11KB
2025-5-3 04:11:50-debug: 整理部分构建选项内数据到 settings.json start, progress: 10%
2025-5-3 04:11:50-debug: [Build Memory track]: 整理部分构建选项内数据到 settings.json start:203.73MB, end 203.75MB, increase: 11.62KB
2025-5-3 04:11:50-debug: 填充脚本数据到 settings.json start, progress: 12%
2025-5-3 04:11:50-debug: run build task 整理部分构建选项内数据到 settings.json success in √, progress: 12%
2025-5-3 04:11:50-debug: // ---- build task 填充脚本数据到 settings.json ----
2025-5-3 04:11:50-debug: // ---- build task 填充脚本数据到 settings.json ---- (1ms)
2025-5-3 04:11:50-debug: run build task 填充脚本数据到 settings.json success in 1 ms√, progress: 13%
2025-5-3 04:11:50-debug: [Build Memory track]: 填充脚本数据到 settings.json start:203.76MB, end 203.78MB, increase: 17.90KB
2025-5-3 04:11:50-debug: 整理部分构建选项内数据到 settings.json start, progress: 13%
2025-5-3 04:11:50-debug: // ---- build task 整理部分构建选项内数据到 settings.json ----
2025-5-3 04:11:50-debug: // ---- build task 整理部分构建选项内数据到 settings.json ---- (8ms)
2025-5-3 04:11:50-debug: run build task 整理部分构建选项内数据到 settings.json success in 8 ms√, progress: 15%
2025-5-3 04:11:50-debug: [Build Memory track]: 整理部分构建选项内数据到 settings.json start:203.79MB, end 203.99MB, increase: 201.50KB
2025-5-3 14:15:24-debug: refresh db internal success
2025-5-3 14:15:24-debug: refresh db assets success
2025-5-3 14:15:24-debug: Run asset db hook engine-extends:afterRefresh ...
2025-5-3 14:15:24-debug: Run asset db hook engine-extends:afterRefresh success!
2025-5-3 14:15:24-debug: asset-db:refresh-all-database (265ms)
2025-5-3 14:15:24-debug: asset-db:worker-effect-data-processing (3ms)
2025-5-3 14:15:24-debug: asset-db-hook-engine-extends-afterRefresh (4ms)
2025-5-3 14:15:39-debug: refresh db internal success
2025-5-3 14:15:39-debug: refresh db assets success
2025-5-3 14:15:39-debug: Run asset db hook engine-extends:afterRefresh ...
2025-5-3 14:15:39-debug: Run asset db hook engine-extends:afterRefresh success!
2025-5-3 14:15:39-debug: asset-db:refresh-all-database (129ms)
2025-5-3 14:15:39-debug: asset-db:worker-effect-data-processing (2ms)
2025-5-3 14:15:39-debug: asset-db-hook-engine-extends-afterRefresh (2ms)
2025-5-6 18:28:29-debug: refresh db internal success
2025-5-6 18:28:29-debug: Run asset db hook engine-extends:afterRefresh ...
2025-5-6 18:28:29-debug: Run asset db hook engine-extends:afterRefresh success!
2025-5-6 18:28:29-debug: refresh db assets success
2025-5-6 18:28:29-debug: asset-db:refresh-all-database (582ms)
2025-5-6 18:28:29-debug: asset-db:worker-effect-data-processing (5ms)
2025-5-6 18:28:29-debug: asset-db-hook-engine-extends-afterRefresh (5ms)
2025-5-6 21:50:10-debug: refresh db internal success
2025-5-6 21:50:10-debug: refresh db assets success
2025-5-6 21:50:10-debug: Run asset db hook engine-extends:afterRefresh ...
2025-5-6 21:50:10-debug: Run asset db hook engine-extends:afterRefresh success!
2025-5-6 21:50:10-debug: asset-db:refresh-all-database (882ms)
2025-5-6 21:50:10-debug: asset-db:worker-effect-data-processing (2ms)
2025-5-6 21:50:10-debug: asset-db-hook-engine-extends-afterRefresh (2ms)
