2025-5-2 16:03:38-log: Cannot access game frame or container.
2025-5-2 16:03:38-debug: asset-db:require-engine-code (1231ms)
2025-5-2 16:03:38-log: meshopt wasm decoder initialized
2025-5-2 16:03:38-log: [box2d]:box2d wasm lib loaded.
2025-5-2 16:03:39-log: [bullet]:bullet wasm lib loaded.
2025-5-2 16:03:40-log: Cocos Creator v3.8.2
2025-5-2 16:03:40-debug: [Assets Memory track]: asset-db:worker-init: initEngine start:22.28MB, end 105.28MB, increase: 83.01MB
2025-5-2 16:03:40-debug: [Assets Memory track]: asset-db-plugin-register: programming start:105.94MB, end 108.56MB, increase: 2.61MB
2025-5-2 16:03:43-debug: [Assets Memory track]: asset-db-plugin-register: engine-extends start:108.60MB, end 240.60MB, increase: 131.99MB
2025-5-2 16:03:43-debug: [Assets Memory track]: asset-db-plugin-enable: builder start:109.04MB, end 237.76MB, increase: 128.72MB
2025-5-2 16:03:43-debug: [Assets Memory track]: asset-db-plugin-enable: project start:108.72MB, end 240.60MB, increase: 131.88MB
2025-5-2 16:03:43-debug: [Assets Memory track]: asset-db:worker-init: initPlugin start:105.29MB, end 240.61MB, increase: 135.31MB
2025-5-2 16:03:43-debug: run package(inspector) handler(enable) start
2025-5-2 16:03:43-debug: run package(light-probe) handler(enable) success!
2025-5-2 16:03:43-debug: run package(inspector) handler(enable) success!
2025-5-2 16:03:43-debug: run package(lightmap) handler(enable) start
2025-5-2 16:03:43-debug: run package(light-probe) handler(enable) start
2025-5-2 16:03:43-debug: run package(package-asset) handler(enable) start
2025-5-2 16:03:43-debug: run package(node-library) handler(enable) start
2025-5-2 16:03:43-debug: run package(package-asset) handler(enable) success!
2025-5-2 16:03:43-debug: run package(process) handler(enable) start
2025-5-2 16:03:43-debug: run package(node-library) handler(enable) success!
2025-5-2 16:03:43-debug: run package(process) handler(enable) success!
2025-5-2 16:03:43-debug: run package(lightmap) handler(enable) success!
2025-5-2 16:03:43-debug: run package(reference-image) handler(enable) start
2025-5-2 16:03:43-debug: run package(reference-image) handler(enable) success!
2025-5-2 16:03:43-debug: run package(reflection-probe) handler(enable) success!
2025-5-2 16:03:43-debug: run package(engine-extends) handler(enable) success!
2025-5-2 16:03:43-debug: run package(engine-extends) handler(enable) start
2025-5-2 16:03:43-debug: run package(reflection-probe) handler(enable) start
2025-5-2 16:03:43-debug: run package(adsense-h5g-plugin) handler(enable) start
2025-5-2 16:03:43-debug: run package(adsense-h5g-plugin) handler(enable) success!
2025-5-2 16:03:43-debug: run package(alipay-mini-game) handler(enable) success!
2025-5-2 16:03:43-debug: run package(alipay-mini-game) handler(enable) start
2025-5-2 16:03:43-debug: run package(bytedance-mini-game) handler(enable) success!
2025-5-2 16:03:43-debug: run package(android) handler(enable) success!
2025-5-2 16:03:43-debug: run package(bytedance-mini-game) handler(enable) start
2025-5-2 16:03:43-debug: run package(android) handler(enable) start
2025-5-2 16:03:43-debug: run package(certificate) handler(enable) start
2025-5-2 16:03:43-debug: run package(certificate) handler(enable) success!
2025-5-2 16:03:43-debug: run package(channel-upload-tools) handler(enable) start
2025-5-2 16:03:43-debug: run package(channel-upload-tools) handler(enable) success!
2025-5-2 16:03:43-debug: run package(fb-instant-games) handler(enable) start
2025-5-2 16:03:43-debug: run package(fb-instant-games) handler(enable) success!
2025-5-2 16:03:43-debug: run package(huawei-agc) handler(enable) start
2025-5-2 16:03:43-debug: run package(huawei-agc) handler(enable) success!
2025-5-2 16:03:43-debug: run package(ios) handler(enable) success!
2025-5-2 16:03:43-debug: run package(ios) handler(enable) start
2025-5-2 16:03:43-debug: run package(huawei-quick-game) handler(enable) start
2025-5-2 16:03:43-debug: run package(linux) handler(enable) success!
2025-5-2 16:03:43-debug: run package(huawei-quick-game) handler(enable) success!
2025-5-2 16:03:43-debug: run package(linux) handler(enable) start
2025-5-2 16:03:43-debug: run package(mac) handler(enable) success!
2025-5-2 16:03:43-debug: run package(mac) handler(enable) start
2025-5-2 16:03:43-debug: run package(native) handler(enable) start
2025-5-2 16:03:43-debug: run package(native) handler(enable) success!
2025-5-2 16:03:43-debug: run package(ohos) handler(enable) start
2025-5-2 16:03:43-debug: run package(openharmony) handler(enable) success!
2025-5-2 16:03:43-debug: run package(oppo-mini-game) handler(enable) start
2025-5-2 16:03:43-debug: run package(ohos) handler(enable) success!
2025-5-2 16:03:43-debug: run package(openharmony) handler(enable) start
2025-5-2 16:03:43-debug: run package(taobao-creative-app) handler(enable) start
2025-5-2 16:03:43-debug: run package(runtime-dev-tools) handler(enable) success!
2025-5-2 16:03:43-debug: run package(taobao-creative-app) handler(enable) success!
2025-5-2 16:03:43-debug: run package(taobao-mini-game) handler(enable) start
2025-5-2 16:03:43-debug: run package(runtime-dev-tools) handler(enable) start
2025-5-2 16:03:43-debug: run package(oppo-mini-game) handler(enable) success!
2025-5-2 16:03:43-debug: run package(web-desktop) handler(enable) start
2025-5-2 16:03:43-debug: run package(vivo-mini-game) handler(enable) start
2025-5-2 16:03:43-debug: run package(web-desktop) handler(enable) success!
2025-5-2 16:03:43-debug: run package(taobao-mini-game) handler(enable) success!
2025-5-2 16:03:43-debug: run package(vivo-mini-game) handler(enable) success!
2025-5-2 16:03:43-debug: run package(web-mobile) handler(enable) start
2025-5-2 16:03:43-debug: run package(web-mobile) handler(enable) success!
2025-5-2 16:03:43-debug: run package(wechatgame) handler(enable) success!
2025-5-2 16:03:43-debug: run package(wechatgame) handler(enable) start
2025-5-2 16:03:43-debug: run package(wechatprogram) handler(enable) start
2025-5-2 16:03:43-debug: run package(wechatprogram) handler(enable) success!
2025-5-2 16:03:43-debug: run package(windows) handler(enable) start
2025-5-2 16:03:43-debug: run package(windows) handler(enable) success!
2025-5-2 16:03:43-debug: run package(cocos-service) handler(enable) success!
2025-5-2 16:03:43-debug: run package(xiaomi-quick-game) handler(enable) start
2025-5-2 16:03:43-debug: run package(xiaomi-quick-game) handler(enable) success!
2025-5-2 16:03:43-debug: run package(cocos-service) handler(enable) start
2025-5-2 16:03:43-debug: run package(im-plugin) handler(enable) start
2025-5-2 16:03:43-debug: run package(im-plugin) handler(enable) success!
2025-5-2 16:03:43-debug: run package(fix-device) handler(enable) start
2025-5-2 16:03:43-debug: run package(fix-device) handler(enable) success!
2025-5-2 16:03:43-debug: run package(placeholder) handler(enable) success!
2025-5-2 16:03:43-debug: run package(placeholder) handler(enable) start
2025-5-2 16:03:43-debug: asset-db:worker-init: initPlugin (3561ms)
2025-5-2 16:03:43-debug: [Assets Memory track]: asset-db:worker-init start:22.28MB, end 239.68MB, increase: 217.40MB
2025-5-2 16:03:43-debug: Run asset db hook programming:beforePreStart ...
2025-5-2 16:03:43-debug: Run asset db hook programming:beforePreStart success!
2025-5-2 16:03:43-debug: Run asset db hook engine-extends:beforePreStart ...
2025-5-2 16:03:43-debug: Run asset db hook engine-extends:beforePreStart success!
2025-5-2 16:03:44-debug: asset-db-hook-programming-beforePreStart (938ms)
2025-5-2 16:03:44-debug: asset-db:worker-init (7483ms)
2025-5-2 16:03:44-debug: asset-db-hook-engine-extends-beforePreStart (937ms)
2025-5-2 16:03:44-debug: Preimport db internal success
2025-5-2 16:03:44-debug: Preimport db assets success
2025-5-2 16:03:44-debug: starting packer-driver...
2025-5-2 16:03:44-debug: Run asset db hook programming:afterPreStart ...
2025-5-2 16:03:46-debug: initialize scripting environment...
2025-5-2 16:03:46-debug: Set detail map pack:///resolution-detail-map.json: {}
2025-5-2 16:03:46-debug: Run asset db hook programming:afterPreStart success!
2025-5-2 16:03:46-debug: Run asset db hook engine-extends:afterPreStart ...
2025-5-2 16:03:46-debug: Run asset db hook engine-extends:afterPreStart success!
2025-5-2 16:03:46-debug: [Assets Memory track]: asset-db:worker-init: preStart start:239.69MB, end 253.01MB, increase: 13.33MB
2025-5-2 16:03:46-debug: Start up the 'internal' database...
2025-5-2 16:03:46-debug: asset-db-hook-programming-afterPreStart (1451ms)
2025-5-2 16:03:46-debug: asset-db:worker-effect-data-processing (74ms)
2025-5-2 16:03:46-debug: asset-db-hook-engine-extends-afterPreStart (75ms)
2025-5-2 16:03:46-debug: [Assets Memory track]: asset-db:worker-startup-database[internal] start:249.12MB, end 257.26MB, increase: 8.14MB
2025-5-2 16:03:46-debug: Start up the 'assets' database...
2025-5-2 16:03:46-debug: asset-db:worker-startup-database[internal] (1968ms)
2025-5-2 16:03:46-debug: [Assets Memory track]: asset-db:worker-startup-database[assets] start:252.14MB, end 254.98MB, increase: 2.84MB
2025-5-2 16:03:46-debug: [Assets Memory track]: asset-db:worker-init: startup start:253.02MB, end 254.99MB, increase: 1.97MB
2025-5-2 16:03:46-debug: asset-db:worker-startup-database[assets] (1738ms)
2025-5-2 16:03:46-debug: asset-db:start-database (2737ms)
2025-5-2 16:03:46-debug: asset-db:ready (13233ms)
2025-5-2 16:03:46-debug: init worker message success
2025-5-2 16:03:47-debug: [Build Memory track]: builder:worker-init start:252.76MB, end 265.15MB, increase: 12.39MB
2025-5-2 16:03:48-debug: programming:execute-script (1837ms)
2025-5-2 16:03:48-debug: builder:worker-init (1814ms)
2025-5-2 16:03:49-debug: Query all assets info in project
2025-5-2 16:03:49-debug: init custom config: keepNodeUuid: false, useCache: true
2025-5-2 16:03:49-debug:   Number of all scenes: 4
2025-5-2 16:03:49-debug:   Number of all scripts: 54
2025-5-2 16:03:49-debug:   Number of other assets: 674
2025-5-2 16:03:49-debug: 查询 Asset Bundle start, progress: 0%
2025-5-2 16:03:49-debug: // ---- build task 查询 Asset Bundle ----
2025-5-2 16:03:49-debug: Query preload assets from cc.config.json: 60f7195c-ec2a-45eb-ba94-8955f60e81d0,1c02ae6f-4492-4915-b8f8-7492a3b1e4cd,810e96e4-e456-4468-9b59-f4e8f39732c0,efe8e2a3-eace-427b-b4f1-cb8a937ec77d,e9aa9a3e-5b2b-4ac7-a2c7-073de2b2b24f,8bbdbcdd-5cd4-4100-b6d5-b7c9625b6107,50f4348b-c883-4e2f-8f11-ce233b859fa1,fda095cb-831d-4601-ad94-846013963de8,f92806d7-1768-443f-afe8-12bcde84d0f0,dd3a144d-ab7f-41f0-82b8-2e43a090d496,f0416e68-0200-4b77-a926-4f9d16e494da,970b0598-bcb0-4714-91fb-2e81440dccd8,bcd64cc6-2dd9-43f6-abbe-66318d332032,d930590d-bb92-4cc8-8bd1-23cd027f9edf,a3cd009f-0ab0-420d-9278-b9fdab939bbc,c27215d8-6835-4b68-bfbb-bdeac6100c04,b5d6115f-0370-4d7c-aad3-c194cc71cf98,871c3b6c-7379-419d-bda3-794b239ab90d
2025-5-2 16:03:49-debug: // ---- build task 查询 Asset Bundle ---- (27ms)
2025-5-2 16:03:49-debug: run build task 查询 Asset Bundle success in 27 ms√, progress: 5%
2025-5-2 16:03:49-debug: [Build Memory track]: 查询 Asset Bundle start:269.36MB, end 266.06MB, increase: -3374.86KB
2025-5-2 16:03:49-debug: 查询 Asset Bundle start, progress: 5%
2025-5-2 16:03:49-debug: // ---- build task 查询 Asset Bundle ----
2025-5-2 16:03:49-debug: // ---- build task 查询 Asset Bundle ---- (1ms)
2025-5-2 16:03:49-debug: run build task 查询 Asset Bundle success in 1 ms√, progress: 10%
2025-5-2 16:03:49-debug: [Build Memory track]: 查询 Asset Bundle start:266.08MB, end 266.09MB, increase: 15.76KB
2025-5-2 16:03:49-debug: // ---- build task 整理部分构建选项内数据到 settings.json ----
2025-5-2 16:03:49-debug: 整理部分构建选项内数据到 settings.json start, progress: 10%
2025-5-2 16:03:49-debug: // ---- build task 整理部分构建选项内数据到 settings.json ---- (2ms)
2025-5-2 16:03:49-debug: run build task 整理部分构建选项内数据到 settings.json success in 2 ms√, progress: 12%
2025-5-2 16:03:49-debug: 填充脚本数据到 settings.json start, progress: 12%
2025-5-2 16:03:49-debug: // ---- build task 填充脚本数据到 settings.json ----
2025-5-2 16:03:49-debug: // ---- build task 填充脚本数据到 settings.json ---- (13ms)
2025-5-2 16:03:49-debug: [Build Memory track]: 填充脚本数据到 settings.json start:266.14MB, end 266.16MB, increase: 14.55KB
2025-5-2 16:03:49-debug: [Build Memory track]: 整理部分构建选项内数据到 settings.json start:266.11MB, end 266.13MB, increase: 18.71KB
2025-5-2 16:03:49-debug: // ---- build task 整理部分构建选项内数据到 settings.json ----
2025-5-2 16:03:49-debug: 整理部分构建选项内数据到 settings.json start, progress: 13%
2025-5-2 16:03:49-debug: run build task 填充脚本数据到 settings.json success in 13 ms√, progress: 13%
2025-5-2 16:03:49-debug: // ---- build task 整理部分构建选项内数据到 settings.json ---- (37ms)
2025-5-2 16:03:49-debug: run build task 整理部分构建选项内数据到 settings.json success in 37 ms√, progress: 15%
2025-5-2 16:03:49-debug: [Build Memory track]: 整理部分构建选项内数据到 settings.json start:266.17MB, end 266.35MB, increase: 181.39KB
2025-5-2 16:03:51-debug: programming:execute-script (18ms)
2025-5-2 16:04:08-debug: Query all assets info in project
2025-5-2 16:04:08-debug: init custom config: keepNodeUuid: false, useCache: true
2025-5-2 16:04:08-debug:   Number of all scripts: 54
2025-5-2 16:04:08-debug:   Number of other assets: 674
2025-5-2 16:04:08-debug:   Number of all scenes: 4
2025-5-2 16:04:08-debug: 查询 Asset Bundle start, progress: 0%
2025-5-2 16:04:08-debug: // ---- build task 查询 Asset Bundle ----
2025-5-2 16:04:08-debug: Query preload assets from cc.config.json: 60f7195c-ec2a-45eb-ba94-8955f60e81d0,1c02ae6f-4492-4915-b8f8-7492a3b1e4cd,810e96e4-e456-4468-9b59-f4e8f39732c0,efe8e2a3-eace-427b-b4f1-cb8a937ec77d,e9aa9a3e-5b2b-4ac7-a2c7-073de2b2b24f,8bbdbcdd-5cd4-4100-b6d5-b7c9625b6107,50f4348b-c883-4e2f-8f11-ce233b859fa1,fda095cb-831d-4601-ad94-846013963de8,f92806d7-1768-443f-afe8-12bcde84d0f0,dd3a144d-ab7f-41f0-82b8-2e43a090d496,f0416e68-0200-4b77-a926-4f9d16e494da,970b0598-bcb0-4714-91fb-2e81440dccd8,bcd64cc6-2dd9-43f6-abbe-66318d332032,d930590d-bb92-4cc8-8bd1-23cd027f9edf,a3cd009f-0ab0-420d-9278-b9fdab939bbc,c27215d8-6835-4b68-bfbb-bdeac6100c04,b5d6115f-0370-4d7c-aad3-c194cc71cf98,871c3b6c-7379-419d-bda3-794b239ab90d
2025-5-2 16:04:08-debug: // ---- build task 查询 Asset Bundle ---- (17ms)
2025-5-2 16:04:08-debug: run build task 查询 Asset Bundle success in 17 ms√, progress: 5%
2025-5-2 16:04:08-debug: [Build Memory track]: 查询 Asset Bundle start:195.41MB, end 195.22MB, increase: -187.16KB
2025-5-2 16:04:08-debug: // ---- build task 查询 Asset Bundle ----
2025-5-2 16:04:08-debug: 查询 Asset Bundle start, progress: 5%
2025-5-2 16:04:08-debug: // ---- build task 查询 Asset Bundle ---- (1ms)
2025-5-2 16:04:08-debug: run build task 查询 Asset Bundle success in 1 ms√, progress: 10%
2025-5-2 16:04:08-debug: // ---- build task 整理部分构建选项内数据到 settings.json ----
2025-5-2 16:04:08-debug: [Build Memory track]: 查询 Asset Bundle start:195.24MB, end 195.25MB, increase: 15.83KB
2025-5-2 16:04:08-debug: 整理部分构建选项内数据到 settings.json start, progress: 10%
2025-5-2 16:04:08-debug: // ---- build task 整理部分构建选项内数据到 settings.json ---- (1ms)
2025-5-2 16:04:08-debug: run build task 整理部分构建选项内数据到 settings.json success in 1 ms√, progress: 12%
2025-5-2 16:04:08-debug: [Build Memory track]: 整理部分构建选项内数据到 settings.json start:195.27MB, end 195.29MB, increase: 18.00KB
2025-5-2 16:04:08-debug: 填充脚本数据到 settings.json start, progress: 12%
2025-5-2 16:04:08-debug: // ---- build task 填充脚本数据到 settings.json ----
2025-5-2 16:04:08-debug: run build task 填充脚本数据到 settings.json success in √, progress: 13%
2025-5-2 16:04:08-debug: [Build Memory track]: 填充脚本数据到 settings.json start:195.30MB, end 195.31MB, increase: 14.20KB
2025-5-2 16:04:08-debug: 整理部分构建选项内数据到 settings.json start, progress: 13%
2025-5-2 16:04:08-debug: // ---- build task 整理部分构建选项内数据到 settings.json ----
2025-5-2 16:04:08-debug: // ---- build task 整理部分构建选项内数据到 settings.json ---- (7ms)
2025-5-2 16:04:08-debug: run build task 整理部分构建选项内数据到 settings.json success in 7 ms√, progress: 15%
2025-5-2 16:04:08-debug: [Build Memory track]: 整理部分构建选项内数据到 settings.json start:195.33MB, end 195.45MB, increase: 122.64KB
2025-5-2 16:12:22-debug: refresh db internal success
2025-5-2 16:12:22-debug: %cImport%c: D:\editors\liars_dice_demo\client\assets\scripts\core\network.tsbackground: #aaff85; color: #000;color: #000;
2025-5-2 16:12:22-debug: refresh db assets success
2025-5-2 16:12:22-debug: Run asset db hook engine-extends:afterRefresh ...
2025-5-2 16:12:22-debug: Run asset db hook engine-extends:afterRefresh success!
2025-5-2 16:12:22-debug: asset-db:refresh-all-database (177ms)
2025-5-2 16:12:22-debug: asset-db-hook-engine-extends-afterRefresh (1ms)
2025-5-2 16:12:24-debug: Query all assets info in project
2025-5-2 16:12:24-debug: init custom config: keepNodeUuid: false, useCache: true
2025-5-2 16:12:24-debug:   Number of all scenes: 4
2025-5-2 16:12:24-debug:   Number of other assets: 674
2025-5-2 16:12:24-debug:   Number of all scripts: 54
2025-5-2 16:12:24-debug: 查询 Asset Bundle start, progress: 0%
2025-5-2 16:12:24-debug: // ---- build task 查询 Asset Bundle ----
2025-5-2 16:12:24-debug: Query preload assets from cc.config.json: 60f7195c-ec2a-45eb-ba94-8955f60e81d0,1c02ae6f-4492-4915-b8f8-7492a3b1e4cd,810e96e4-e456-4468-9b59-f4e8f39732c0,efe8e2a3-eace-427b-b4f1-cb8a937ec77d,e9aa9a3e-5b2b-4ac7-a2c7-073de2b2b24f,8bbdbcdd-5cd4-4100-b6d5-b7c9625b6107,50f4348b-c883-4e2f-8f11-ce233b859fa1,fda095cb-831d-4601-ad94-846013963de8,f92806d7-1768-443f-afe8-12bcde84d0f0,dd3a144d-ab7f-41f0-82b8-2e43a090d496,f0416e68-0200-4b77-a926-4f9d16e494da,970b0598-bcb0-4714-91fb-2e81440dccd8,bcd64cc6-2dd9-43f6-abbe-66318d332032,d930590d-bb92-4cc8-8bd1-23cd027f9edf,a3cd009f-0ab0-420d-9278-b9fdab939bbc,c27215d8-6835-4b68-bfbb-bdeac6100c04,b5d6115f-0370-4d7c-aad3-c194cc71cf98,871c3b6c-7379-419d-bda3-794b239ab90d
2025-5-2 16:12:24-debug: // ---- build task 查询 Asset Bundle ---- (19ms)
2025-5-2 16:12:24-debug: run build task 查询 Asset Bundle success in 19 ms√, progress: 5%
2025-5-2 16:12:24-debug: 查询 Asset Bundle start, progress: 5%
2025-5-2 16:12:24-debug: [Build Memory track]: 查询 Asset Bundle start:200.08MB, end 199.64MB, increase: -454.94KB
2025-5-2 16:12:24-debug: // ---- build task 查询 Asset Bundle ----
2025-5-2 16:12:24-debug: // ---- build task 查询 Asset Bundle ---- (1ms)
2025-5-2 16:12:24-debug: run build task 查询 Asset Bundle success in 1 ms√, progress: 10%
2025-5-2 16:12:24-debug: // ---- build task 整理部分构建选项内数据到 settings.json ----
2025-5-2 16:12:24-debug: [Build Memory track]: 查询 Asset Bundle start:199.65MB, end 199.67MB, increase: 15.73KB
2025-5-2 16:12:24-debug: 整理部分构建选项内数据到 settings.json start, progress: 10%
2025-5-2 16:12:24-debug: // ---- build task 整理部分构建选项内数据到 settings.json ---- (1ms)
2025-5-2 16:12:24-debug: run build task 整理部分构建选项内数据到 settings.json success in 1 ms√, progress: 12%
2025-5-2 16:12:24-debug: // ---- build task 填充脚本数据到 settings.json ----
2025-5-2 16:12:24-debug: [Build Memory track]: 整理部分构建选项内数据到 settings.json start:199.68MB, end 199.70MB, increase: 18.01KB
2025-5-2 16:12:24-debug: 填充脚本数据到 settings.json start, progress: 12%
2025-5-2 16:12:24-debug: // ---- build task 填充脚本数据到 settings.json ---- (2ms)
2025-5-2 16:12:24-debug: run build task 填充脚本数据到 settings.json success in 2 ms√, progress: 13%
2025-5-2 16:12:24-debug: // ---- build task 整理部分构建选项内数据到 settings.json ----
2025-5-2 16:12:24-debug: [Build Memory track]: 填充脚本数据到 settings.json start:199.72MB, end 199.73MB, increase: 18.54KB
2025-5-2 16:12:24-debug: 整理部分构建选项内数据到 settings.json start, progress: 13%
2025-5-2 16:12:24-debug: // ---- build task 整理部分构建选项内数据到 settings.json ---- (9ms)
2025-5-2 16:12:24-debug: run build task 整理部分构建选项内数据到 settings.json success in 9 ms√, progress: 15%
2025-5-2 16:12:24-debug: [Build Memory track]: 整理部分构建选项内数据到 settings.json start:199.75MB, end 199.87MB, increase: 120.86KB
2025-5-2 16:12:24-debug: Query all assets info in project
2025-5-2 16:12:24-debug: init custom config: keepNodeUuid: false, useCache: true
2025-5-2 16:12:24-debug:   Number of all scenes: 4
2025-5-2 16:12:24-debug:   Number of other assets: 674
2025-5-2 16:12:24-debug:   Number of all scripts: 54
2025-5-2 16:12:24-debug: 查询 Asset Bundle start, progress: 0%
2025-5-2 16:12:24-debug: // ---- build task 查询 Asset Bundle ----
2025-5-2 16:12:24-debug: Query preload assets from cc.config.json: 60f7195c-ec2a-45eb-ba94-8955f60e81d0,1c02ae6f-4492-4915-b8f8-7492a3b1e4cd,810e96e4-e456-4468-9b59-f4e8f39732c0,efe8e2a3-eace-427b-b4f1-cb8a937ec77d,e9aa9a3e-5b2b-4ac7-a2c7-073de2b2b24f,8bbdbcdd-5cd4-4100-b6d5-b7c9625b6107,50f4348b-c883-4e2f-8f11-ce233b859fa1,fda095cb-831d-4601-ad94-846013963de8,f92806d7-1768-443f-afe8-12bcde84d0f0,dd3a144d-ab7f-41f0-82b8-2e43a090d496,f0416e68-0200-4b77-a926-4f9d16e494da,970b0598-bcb0-4714-91fb-2e81440dccd8,bcd64cc6-2dd9-43f6-abbe-66318d332032,d930590d-bb92-4cc8-8bd1-23cd027f9edf,a3cd009f-0ab0-420d-9278-b9fdab939bbc,c27215d8-6835-4b68-bfbb-bdeac6100c04,b5d6115f-0370-4d7c-aad3-c194cc71cf98,871c3b6c-7379-419d-bda3-794b239ab90d
2025-5-2 16:12:24-debug: // ---- build task 查询 Asset Bundle ---- (21ms)
2025-5-2 16:12:24-debug: run build task 查询 Asset Bundle success in 21 ms√, progress: 5%
2025-5-2 16:12:24-debug: [Build Memory track]: 查询 Asset Bundle start:199.74MB, end 199.20MB, increase: -544.17KB
2025-5-2 16:12:24-debug: 查询 Asset Bundle start, progress: 5%
2025-5-2 16:12:24-debug: // ---- build task 查询 Asset Bundle ----
2025-5-2 16:12:24-debug: // ---- build task 查询 Asset Bundle ---- (1ms)
2025-5-2 16:12:24-debug: run build task 查询 Asset Bundle success in 1 ms√, progress: 10%
2025-5-2 16:12:24-debug: // ---- build task 整理部分构建选项内数据到 settings.json ----
2025-5-2 16:12:24-debug: [Build Memory track]: 查询 Asset Bundle start:199.22MB, end 199.23MB, increase: 15.27KB
2025-5-2 16:12:24-debug: 整理部分构建选项内数据到 settings.json start, progress: 10%
2025-5-2 16:12:24-debug: // ---- build task 整理部分构建选项内数据到 settings.json ---- (4ms)
2025-5-2 16:12:24-debug: run build task 整理部分构建选项内数据到 settings.json success in 4 ms√, progress: 12%
2025-5-2 16:12:24-debug: [Build Memory track]: 整理部分构建选项内数据到 settings.json start:199.25MB, end 199.27MB, increase: 20.29KB
2025-5-2 16:12:24-debug: 填充脚本数据到 settings.json start, progress: 12%
2025-5-2 16:12:24-debug: // ---- build task 填充脚本数据到 settings.json ----
2025-5-2 16:12:24-debug: // ---- build task 填充脚本数据到 settings.json ---- (1ms)
2025-5-2 16:12:24-debug: run build task 填充脚本数据到 settings.json success in 1 ms√, progress: 13%
2025-5-2 16:12:24-debug: // ---- build task 整理部分构建选项内数据到 settings.json ----
2025-5-2 16:12:24-debug: 整理部分构建选项内数据到 settings.json start, progress: 13%
2025-5-2 16:12:24-debug: [Build Memory track]: 填充脚本数据到 settings.json start:199.28MB, end 199.30MB, increase: 16.50KB
2025-5-2 16:12:24-debug: // ---- build task 整理部分构建选项内数据到 settings.json ---- (18ms)
2025-5-2 16:12:24-debug: run build task 整理部分构建选项内数据到 settings.json success in 18 ms√, progress: 15%
2025-5-2 16:12:24-debug: [Build Memory track]: 整理部分构建选项内数据到 settings.json start:199.31MB, end 199.43MB, increase: 121.43KB
2025-5-2 16:12:33-debug: refresh db internal success
2025-5-2 16:12:33-debug: refresh db assets success
2025-5-2 16:12:33-debug: Run asset db hook engine-extends:afterRefresh ...
2025-5-2 16:12:33-debug: Run asset db hook engine-extends:afterRefresh success!
2025-5-2 16:12:33-debug: asset-db:refresh-all-database (180ms)
